
> insta-realestate@0.1.0 build
> next build

Ôû▓ Next.js 16.2.1 (Turbopack)
- Environments: .env.local

  Creating an optimized production build ...
Ô£ô Compiled successfully in 1481ms
  Running TypeScript ...
  Finished TypeScript in 2.5s ...
  Collecting page data using 12 workers ...
  Generating static pages using 12 workers (0/11) ...
  Generating static pages using 12 workers (2/11) 
  Generating static pages using 12 workers (5/11) 
  Generating static pages using 12 workers (8/11) 
Ô£ô Generating static pages using 12 workers (11/11) in 554ms
  Finalizing page optimization ...

Route (app)
Ôöî Ôùï /
Ôö£ Ôùï /_not-found
Ôö£ ãÆ /api/checkout
Ôö£ ãÆ /api/generate
Ôö£ ãÆ /api/webhooks/stripe
Ôö£ Ôùï /cancel
Ôö£ Ôùï /privacy
Ôö£ Ôùï /success
Ôöö Ôùï /terms


Ôùï  (Static)   prerendered as static content
ãÆ  (Dynamic)  server-rendered on demand

